<?xml version="1.0" encoding="UTF-8"?>
<coverage generated="1778846717900" clover="3.2.0">
  <project timestamp="1778846717901" name="All files">
    <metrics statements="77" coveredstatements="45" conditionals="53" coveredconditionals="34" methods="14" coveredmethods="6" elements="144" coveredelements="85" complexity="0" loc="77" ncloc="77" packages="1" files="4" classes="4"/>
    <file name="app.js" path="C:\Users\KENDOCEE25\Desktop\semester B\software engineering\CMP9134---Robot-Management-System\server\app.js">
      <metrics statements="21" coveredstatements="17" conditionals="13" coveredconditionals="5" methods="4" coveredmethods="2"/>
      <line num="8" count="1" type="stmt"/>
      <line num="9" count="1" type="stmt"/>
      <line num="10" count="1" type="stmt"/>
      <line num="11" count="1" type="stmt"/>
      <line num="14" count="4" type="stmt"/>
      <line num="15" count="4" type="stmt"/>
      <line num="18" count="4" type="cond" truecount="1" falsecount="1"/>
      <line num="21" count="4" type="stmt"/>
      <line num="22" count="0" type="stmt"/>
      <line num="23" count="0" type="stmt"/>
      <line num="26" count="4" type="stmt"/>
      <line num="27" count="2" type="cond" truecount="1" falsecount="1"/>
      <line num="28" count="2" type="cond" truecount="2" falsecount="0"/>
      <line num="29" count="1" type="stmt"/>
      <line num="31" count="1" type="stmt"/>
      <line num="32" count="1" type="cond" truecount="1" falsecount="1"/>
      <line num="35" count="4" type="stmt"/>
      <line num="36" count="0" type="stmt"/>
      <line num="37" count="0" type="cond" truecount="0" falsecount="2"/>
      <line num="40" count="4" type="stmt"/>
      <line num="43" count="1" type="stmt"/>
    </file>
    <file name="auth.js" path="C:\Users\KENDOCEE25\Desktop\semester B\software engineering\CMP9134---Robot-Management-System\server\auth.js">
      <metrics statements="15" coveredstatements="14" conditionals="10" coveredconditionals="9" methods="2" coveredmethods="2"/>
      <line num="9" count="1" type="stmt"/>
      <line num="11" count="1" type="stmt"/>
      <line num="17" count="4" type="cond" truecount="2" falsecount="0"/>
      <line num="18" count="4" type="stmt"/>
      <line num="19" count="4" type="cond" truecount="2" falsecount="0"/>
      <line num="20" count="1" type="stmt"/>
      <line num="22" count="3" type="stmt"/>
      <line num="23" count="3" type="cond" truecount="1" falsecount="1"/>
      <line num="24" count="0" type="stmt"/>
      <line num="26" count="3" type="stmt"/>
      <line num="27" count="3" type="stmt"/>
      <line num="31" count="3" type="cond" truecount="4" falsecount="0"/>
      <line num="32" count="1" type="stmt"/>
      <line num="34" count="2" type="stmt"/>
      <line num="37" count="1" type="stmt"/>
    </file>
    <file name="robotClient.js" path="C:\Users\KENDOCEE25\Desktop\semester B\software engineering\CMP9134---Robot-Management-System\server\robotClient.js">
      <metrics statements="30" coveredstatements="3" conditionals="10" coveredconditionals="0" methods="6" coveredmethods="0"/>
      <line num="18" count="1" type="stmt"/>
      <line num="28" count="0" type="cond" truecount="0" falsecount="2"/>
      <line num="29" count="0" type="stmt"/>
      <line num="33" count="0" type="stmt"/>
      <line num="34" count="0" type="stmt"/>
      <line num="48" count="0" type="cond" truecount="0" falsecount="2"/>
      <line num="49" count="0" type="stmt"/>
      <line num="51" count="0" type="stmt"/>
      <line num="69" count="0" type="stmt"/>
      <line num="70" count="0" type="stmt"/>
      <line num="73" count="0" type="stmt"/>
      <line num="75" count="0" type="stmt"/>
      <line num="93" count="0" type="stmt"/>
      <line num="94" count="0" type="cond" truecount="0" falsecount="2"/>
      <line num="95" count="0" type="stmt"/>
      <line num="97" count="0" type="stmt"/>
      <line num="98" count="0" type="stmt"/>
      <line num="103" count="0" type="stmt"/>
      <line num="109" count="0" type="cond" truecount="0" falsecount="2"/>
      <line num="110" count="0" type="stmt"/>
      <line num="125" count="0" type="stmt"/>
      <line num="126" count="0" type="stmt"/>
      <line num="129" count="0" type="stmt"/>
      <line num="131" count="0" type="stmt"/>
      <line num="148" count="0" type="stmt"/>
      <line num="149" count="0" type="stmt"/>
      <line num="152" count="0" type="stmt"/>
      <line num="154" count="0" type="stmt"/>
      <line num="160" count="1" type="stmt"/>
      <line num="163" count="1" type="stmt"/>
    </file>
    <file name="validation.js" path="C:\Users\KENDOCEE25\Desktop\semester B\software engineering\CMP9134---Robot-Management-System\server\validation.js">
      <metrics statements="11" coveredstatements="11" conditionals="20" coveredconditionals="20" methods="2" coveredmethods="2"/>
      <line num="7" count="2" type="stmt"/>
      <line num="8" count="2" type="stmt"/>
      <line num="11" count="15" type="cond" truecount="4" falsecount="0"/>
      <line num="12" count="12" type="cond" truecount="4" falsecount="0"/>
      <line num="13" count="11" type="cond" truecount="4" falsecount="0"/>
      <line num="14" count="9" type="cond" truecount="4" falsecount="0"/>
      <line num="15" count="5" type="cond" truecount="4" falsecount="0"/>
      <line num="16" count="4" type="stmt"/>
      <line num="19" count="2" type="stmt"/>
      <line num="25" count="6" type="stmt"/>
      <line num="28" count="2" type="stmt"/>
    </file>
  </project>
</coverage>
