{"C:\\Users\\KENDOCEE25\\Desktop\\semester B\\software engineering\\CMP9134---Robot-Management-System\\server\\app.js": {"path":"C:\\Users\\KENDOCEE25\\Desktop\\semester B\\software engineering\\CMP9134---Robot-Management-System\\server\\app.js","statementMap":{"0":{"start":{"line":8,"column":16},"end":{"line":8,"column":34}},"1":{"start":{"line":9,"column":20},"end":{"line":9,"column":44}},"2":{"start":{"line":10,"column":26},"end":{"line":10,"column":49}},"3":{"start":{"line":11,"column":42},"end":{"line":11,"column":59}},"4":{"start":{"line":14,"column":14},"end":{"line":14,"column":23}},"5":{"start":{"line":15,"column":2},"end":{"line":15,"column":26}},"6":{"start":{"line":18,"column":4},"end":{"line":19,"column":73}},"7":{"start":{"line":21,"column":2},"end":{"line":24,"column":5}},"8":{"start":{"line":22,"column":19},"end":{"line":22,"column":42}},"9":{"start":{"line":23,"column":4},"end":{"line":23,"column":21}},"10":{"start":{"line":26,"column":2},"end":{"line":33,"column":5}},"11":{"start":{"line":27,"column":21},"end":{"line":27,"column":35}},"12":{"start":{"line":28,"column":4},"end":{"line":30,"column":5}},"13":{"start":{"line":29,"column":6},"end":{"line":29,"column":69}},"14":{"start":{"line":31,"column":19},"end":{"line":31,"column":41}},"15":{"start":{"line":32,"column":4},"end":{"line":32,"column":54}},"16":{"start":{"line":35,"column":2},"end":{"line":38,"column":5}},"17":{"start":{"line":36,"column":19},"end":{"line":36,"column":38}},"18":{"start":{"line":37,"column":4},"end":{"line":37,"column":56}},"19":{"start":{"line":40,"column":2},"end":{"line":40,"column":13}},"20":{"start":{"line":43,"column":0},"end":{"line":43,"column":31}}},"fnMap":{"0":{"name":"createApp","decl":{"start":{"line":13,"column":9},"end":{"line":13,"column":18}},"loc":{"start":{"line":13,"column":41},"end":{"line":41,"column":1}},"line":13},"1":{"name":"(anonymous_1)","decl":{"start":{"line":21,"column":39},"end":{"line":21,"column":40}},"loc":{"start":{"line":21,"column":59},"end":{"line":24,"column":3}},"line":21},"2":{"name":"(anonymous_2)","decl":{"start":{"line":26,"column":55},"end":{"line":26,"column":56}},"loc":{"start":{"line":26,"column":75},"end":{"line":33,"column":3}},"line":26},"3":{"name":"(anonymous_3)","decl":{"start":{"line":35,"column":56},"end":{"line":35,"column":57}},"loc":{"start":{"line":35,"column":76},"end":{"line":38,"column":3}},"line":35}},"branchMap":{"0":{"loc":{"start":{"line":13,"column":19},"end":{"line":13,"column":39}},"type":"default-arg","locations":[{"start":{"line":13,"column":37},"end":{"line":13,"column":39}}],"line":13},"1":{"loc":{"start":{"line":18,"column":4},"end":{"line":19,"column":73}},"type":"binary-expr","locations":[{"start":{"line":18,"column":4},"end":{"line":18,"column":15}},{"start":{"line":19,"column":4},"end":{"line":19,"column":73}}],"line":18},"2":{"loc":{"start":{"line":19,"column":28},"end":{"line":19,"column":72}},"type":"binary-expr","locations":[{"start":{"line":19,"column":28},"end":{"line":19,"column":49}},{"start":{"line":19,"column":53},"end":{"line":19,"column":72}}],"line":19},"3":{"loc":{"start":{"line":27,"column":21},"end":{"line":27,"column":35}},"type":"binary-expr","locations":[{"start":{"line":27,"column":21},"end":{"line":27,"column":29}},{"start":{"line":27,"column":33},"end":{"line":27,"column":35}}],"line":27},"4":{"loc":{"start":{"line":28,"column":4},"end":{"line":30,"column":5}},"type":"if","locations":[{"start":{"line":28,"column":4},"end":{"line":30,"column":5}},{"start":{},"end":{}}],"line":28},"5":{"loc":{"start":{"line":32,"column":15},"end":{"line":32,"column":39}},"type":"binary-expr","locations":[{"start":{"line":32,"column":15},"end":{"line":32,"column":32}},{"start":{"line":32,"column":36},"end":{"line":32,"column":39}}],"line":32},"6":{"loc":{"start":{"line":37,"column":15},"end":{"line":37,"column":41}},"type":"cond-expr","locations":[{"start":{"line":37,"column":32},"end":{"line":37,"column":35}},{"start":{"line":37,"column":38},"end":{"line":37,"column":41}}],"line":37}},"s":{"0":1,"1":1,"2":1,"3":1,"4":4,"5":4,"6":4,"7":4,"8":0,"9":0,"10":4,"11":2,"12":2,"13":1,"14":1,"15":1,"16":4,"17":0,"18":0,"19":4,"20":1},"f":{"0":4,"1":0,"2":2,"3":0},"b":{"0":[0],"1":[4,0],"2":[0,0],"3":[2,0],"4":[1,1],"5":[1,0],"6":[0,0]},"_coverageSchema":"1a1c01bbd47fc00a2c39e90264f33305004495a9","hash":"326e59c1224b962bd068e74cce237f6f5b3cca98"}
,"C:\\Users\\KENDOCEE25\\Desktop\\semester B\\software engineering\\CMP9134---Robot-Management-System\\server\\auth.js": {"path":"C:\\Users\\KENDOCEE25\\Desktop\\semester B\\software engineering\\CMP9134---Robot-Management-System\\server\\auth.js","statementMap":{"0":{"start":{"line":9,"column":35},"end":{"line":9,"column":58}},"1":{"start":{"line":11,"column":20},"end":{"line":14,"column":1}},"2":{"start":{"line":17,"column":17},"end":{"line":17,"column":51}},"3":{"start":{"line":18,"column":16},"end":{"line":18,"column":47}},"4":{"start":{"line":19,"column":2},"end":{"line":21,"column":3}},"5":{"start":{"line":20,"column":4},"end":{"line":20,"column":74}},"6":{"start":{"line":22,"column":15},"end":{"line":22,"column":36}},"7":{"start":{"line":23,"column":2},"end":{"line":25,"column":3}},"8":{"start":{"line":24,"column":4},"end":{"line":24,"column":61}},"9":{"start":{"line":26,"column":2},"end":{"line":26,"column":22}},"10":{"start":{"line":27,"column":2},"end":{"line":27,"column":9}},"11":{"start":{"line":31,"column":2},"end":{"line":33,"column":3}},"12":{"start":{"line":32,"column":4},"end":{"line":32,"column":70}},"13":{"start":{"line":34,"column":2},"end":{"line":34,"column":9}},"14":{"start":{"line":37,"column":0},"end":{"line":37,"column":64}}},"fnMap":{"0":{"name":"authenticate","decl":{"start":{"line":16,"column":9},"end":{"line":16,"column":21}},"loc":{"start":{"line":16,"column":38},"end":{"line":28,"column":1}},"line":16},"1":{"name":"requireOperator","decl":{"start":{"line":30,"column":9},"end":{"line":30,"column":24}},"loc":{"start":{"line":30,"column":41},"end":{"line":35,"column":1}},"line":30}},"branchMap":{"0":{"loc":{"start":{"line":17,"column":17},"end":{"line":17,"column":51}},"type":"binary-expr","locations":[{"start":{"line":17,"column":17},"end":{"line":17,"column":45}},{"start":{"line":17,"column":49},"end":{"line":17,"column":51}}],"line":17},"1":{"loc":{"start":{"line":19,"column":2},"end":{"line":21,"column":3}},"type":"if","locations":[{"start":{"line":19,"column":2},"end":{"line":21,"column":3}},{"start":{},"end":{}}],"line":19},"2":{"loc":{"start":{"line":23,"column":2},"end":{"line":25,"column":3}},"type":"if","locations":[{"start":{"line":23,"column":2},"end":{"line":25,"column":3}},{"start":{},"end":{}}],"line":23},"3":{"loc":{"start":{"line":31,"column":2},"end":{"line":33,"column":3}},"type":"if","locations":[{"start":{"line":31,"column":2},"end":{"line":33,"column":3}},{"start":{},"end":{}}],"line":31},"4":{"loc":{"start":{"line":31,"column":6},"end":{"line":31,"column":50}},"type":"binary-expr","locations":[{"start":{"line":31,"column":6},"end":{"line":31,"column":15}},{"start":{"line":31,"column":19},"end":{"line":31,"column":50}}],"line":31}},"s":{"0":1,"1":1,"2":4,"3":4,"4":4,"5":1,"6":3,"7":3,"8":0,"9":3,"10":3,"11":3,"12":1,"13":2,"14":1},"f":{"0":4,"1":3},"b":{"0":[4,1],"1":[1,3],"2":[0,3],"3":[1,2],"4":[3,3]},"_coverageSchema":"1a1c01bbd47fc00a2c39e90264f33305004495a9","hash":"edca66226b81dc016f7b831695bdb242c07a284d"}
,"C:\\Users\\KENDOCEE25\\Desktop\\semester B\\software engineering\\CMP9134---Robot-Management-System\\server\\robotClient.js": {"path":"C:\\Users\\KENDOCEE25\\Desktop\\semester B\\software engineering\\CMP9134---Robot-Management-System\\server\\robotClient.js","statementMap":{"0":{"start":{"line":18,"column":14},"end":{"line":18,"column":30}},"1":{"start":{"line":28,"column":4},"end":{"line":32,"column":5}},"2":{"start":{"line":29,"column":6},"end":{"line":31,"column":8}},"3":{"start":{"line":33,"column":4},"end":{"line":33,"column":47}},"4":{"start":{"line":34,"column":4},"end":{"line":34,"column":25}},"5":{"start":{"line":48,"column":4},"end":{"line":50,"column":5}},"6":{"start":{"line":49,"column":6},"end":{"line":49,"column":55}},"7":{"start":{"line":51,"column":4},"end":{"line":51,"column":33}},"8":{"start":{"line":69,"column":4},"end":{"line":76,"column":5}},"9":{"start":{"line":70,"column":18},"end":{"line":72,"column":8}},"10":{"start":{"line":73,"column":6},"end":{"line":73,"column":22}},"11":{"start":{"line":75,"column":6},"end":{"line":75,"column":59}},"12":{"start":{"line":93,"column":22},"end":{"line":93,"column":48}},"13":{"start":{"line":94,"column":4},"end":{"line":96,"column":5}},"14":{"start":{"line":95,"column":6},"end":{"line":95,"column":80}},"15":{"start":{"line":97,"column":4},"end":{"line":111,"column":5}},"16":{"start":{"line":98,"column":18},"end":{"line":102,"column":7}},"17":{"start":{"line":103,"column":6},"end":{"line":107,"column":8}},"18":{"start":{"line":109,"column":25},"end":{"line":109,"column":65}},"19":{"start":{"line":110,"column":6},"end":{"line":110,"column":66}},"20":{"start":{"line":125,"column":4},"end":{"line":132,"column":5}},"21":{"start":{"line":126,"column":6},"end":{"line":128,"column":9}},"22":{"start":{"line":129,"column":6},"end":{"line":129,"column":61}},"23":{"start":{"line":131,"column":6},"end":{"line":131,"column":54}},"24":{"start":{"line":148,"column":4},"end":{"line":155,"column":5}},"25":{"start":{"line":149,"column":18},"end":{"line":151,"column":8}},"26":{"start":{"line":152,"column":6},"end":{"line":152,"column":32}},"27":{"start":{"line":154,"column":6},"end":{"line":154,"column":19}},"28":{"start":{"line":160,"column":0},"end":{"line":160,"column":29}},"29":{"start":{"line":163,"column":0},"end":{"line":163,"column":29}}},"fnMap":{"0":{"name":"(anonymous_0)","decl":{"start":{"line":27,"column":2},"end":{"line":27,"column":3}},"loc":{"start":{"line":27,"column":45},"end":{"line":35,"column":3}},"line":27},"1":{"name":"(anonymous_1)","decl":{"start":{"line":47,"column":2},"end":{"line":47,"column":3}},"loc":{"start":{"line":47,"column":52},"end":{"line":52,"column":3}},"line":47},"2":{"name":"(anonymous_2)","decl":{"start":{"line":68,"column":2},"end":{"line":68,"column":3}},"loc":{"start":{"line":68,"column":20},"end":{"line":77,"column":3}},"line":68},"3":{"name":"(anonymous_3)","decl":{"start":{"line":92,"column":2},"end":{"line":92,"column":3}},"loc":{"start":{"line":92,"column":19},"end":{"line":112,"column":3}},"line":92},"4":{"name":"(anonymous_4)","decl":{"start":{"line":124,"column":2},"end":{"line":124,"column":3}},"loc":{"start":{"line":124,"column":16},"end":{"line":133,"column":3}},"line":124},"5":{"name":"(anonymous_5)","decl":{"start":{"line":147,"column":2},"end":{"line":147,"column":3}},"loc":{"start":{"line":147,"column":24},"end":{"line":156,"column":3}},"line":147}},"branchMap":{"0":{"loc":{"start":{"line":27,"column":14},"end":{"line":27,"column":43}},"type":"default-arg","locations":[{"start":{"line":27,"column":24},"end":{"line":27,"column":43}}],"line":27},"1":{"loc":{"start":{"line":28,"column":4},"end":{"line":32,"column":5}},"type":"if","locations":[{"start":{"line":28,"column":4},"end":{"line":32,"column":5}},{"start":{},"end":{}}],"line":28},"2":{"loc":{"start":{"line":47,"column":21},"end":{"line":47,"column":50}},"type":"default-arg","locations":[{"start":{"line":47,"column":31},"end":{"line":47,"column":50}}],"line":47},"3":{"loc":{"start":{"line":48,"column":4},"end":{"line":50,"column":5}},"type":"if","locations":[{"start":{"line":48,"column":4},"end":{"line":50,"column":5}},{"start":{},"end":{}}],"line":48},"4":{"loc":{"start":{"line":94,"column":4},"end":{"line":96,"column":5}},"type":"if","locations":[{"start":{"line":94,"column":4},"end":{"line":96,"column":5}},{"start":{},"end":{}}],"line":94},"5":{"loc":{"start":{"line":109,"column":25},"end":{"line":109,"column":65}},"type":"cond-expr","locations":[{"start":{"line":109,"column":40},"end":{"line":109,"column":59}},{"start":{"line":109,"column":62},"end":{"line":109,"column":65}}],"line":109}},"s":{"0":1,"1":0,"2":0,"3":0,"4":0,"5":0,"6":0,"7":0,"8":0,"9":0,"10":0,"11":0,"12":0,"13":0,"14":0,"15":0,"16":0,"17":0,"18":0,"19":0,"20":0,"21":0,"22":0,"23":0,"24":0,"25":0,"26":0,"27":0,"28":1,"29":1},"f":{"0":0,"1":0,"2":0,"3":0,"4":0,"5":0},"b":{"0":[0],"1":[0,0],"2":[0],"3":[0,0],"4":[0,0],"5":[0,0]},"_coverageSchema":"1a1c01bbd47fc00a2c39e90264f33305004495a9","hash":"879b2bf4e66be71745ce1c7989e2999d0acc59df"}
,"C:\\Users\\KENDOCEE25\\Desktop\\semester B\\software engineering\\CMP9134---Robot-Management-System\\server\\validation.js": {"path":"C:\\Users\\KENDOCEE25\\Desktop\\semester B\\software engineering\\CMP9134---Robot-Management-System\\server\\validation.js","statementMap":{"0":{"start":{"line":7,"column":17},"end":{"line":7,"column":18}},"1":{"start":{"line":8,"column":17},"end":{"line":8,"column":19}},"2":{"start":{"line":11,"column":2},"end":{"line":11,"column":67}},"3":{"start":{"line":11,"column":54},"end":{"line":11,"column":67}},"4":{"start":{"line":12,"column":2},"end":{"line":12,"column":55}},"5":{"start":{"line":12,"column":42},"end":{"line":12,"column":55}},"6":{"start":{"line":13,"column":2},"end":{"line":13,"column":65}},"7":{"start":{"line":13,"column":52},"end":{"line":13,"column":65}},"8":{"start":{"line":14,"column":2},"end":{"line":14,"column":49}},"9":{"start":{"line":14,"column":36},"end":{"line":14,"column":49}},"10":{"start":{"line":15,"column":2},"end":{"line":15,"column":49}},"11":{"start":{"line":15,"column":36},"end":{"line":15,"column":49}},"12":{"start":{"line":16,"column":2},"end":{"line":16,"column":14}},"13":{"start":{"line":19,"column":14},"end":{"line":22,"column":2}},"14":{"start":{"line":25,"column":2},"end":{"line":25,"column":33}},"15":{"start":{"line":28,"column":0},"end":{"line":28,"column":79}}},"fnMap":{"0":{"name":"isValidTarget","decl":{"start":{"line":10,"column":9},"end":{"line":10,"column":22}},"loc":{"start":{"line":10,"column":29},"end":{"line":17,"column":1}},"line":10},"1":{"name":"canCommandRobot","decl":{"start":{"line":24,"column":9},"end":{"line":24,"column":24}},"loc":{"start":{"line":24,"column":31},"end":{"line":26,"column":1}},"line":24}},"branchMap":{"0":{"loc":{"start":{"line":11,"column":2},"end":{"line":11,"column":67}},"type":"if","locations":[{"start":{"line":11,"column":2},"end":{"line":11,"column":67}},{"start":{},"end":{}}],"line":11},"1":{"loc":{"start":{"line":11,"column":6},"end":{"line":11,"column":52}},"type":"binary-expr","locations":[{"start":{"line":11,"column":6},"end":{"line":11,"column":27}},{"start":{"line":11,"column":31},"end":{"line":11,"column":52}}],"line":11},"2":{"loc":{"start":{"line":12,"column":2},"end":{"line":12,"column":55}},"type":"if","locations":[{"start":{"line":12,"column":2},"end":{"line":12,"column":55}},{"start":{},"end":{}}],"line":12},"3":{"loc":{"start":{"line":12,"column":6},"end":{"line":12,"column":40}},"type":"binary-expr","locations":[{"start":{"line":12,"column":6},"end":{"line":12,"column":21}},{"start":{"line":12,"column":25},"end":{"line":12,"column":40}}],"line":12},"4":{"loc":{"start":{"line":13,"column":2},"end":{"line":13,"column":65}},"type":"if","locations":[{"start":{"line":13,"column":2},"end":{"line":13,"column":65}},{"start":{},"end":{}}],"line":13},"5":{"loc":{"start":{"line":13,"column":6},"end":{"line":13,"column":50}},"type":"binary-expr","locations":[{"start":{"line":13,"column":6},"end":{"line":13,"column":26}},{"start":{"line":13,"column":30},"end":{"line":13,"column":50}}],"line":13},"6":{"loc":{"start":{"line":14,"column":2},"end":{"line":14,"column":49}},"type":"if","locations":[{"start":{"line":14,"column":2},"end":{"line":14,"column":49}},{"start":{},"end":{}}],"line":14},"7":{"loc":{"start":{"line":14,"column":6},"end":{"line":14,"column":34}},"type":"binary-expr","locations":[{"start":{"line":14,"column":6},"end":{"line":14,"column":18}},{"start":{"line":14,"column":22},"end":{"line":14,"column":34}}],"line":14},"8":{"loc":{"start":{"line":15,"column":2},"end":{"line":15,"column":49}},"type":"if","locations":[{"start":{"line":15,"column":2},"end":{"line":15,"column":49}},{"start":{},"end":{}}],"line":15},"9":{"loc":{"start":{"line":15,"column":6},"end":{"line":15,"column":34}},"type":"binary-expr","locations":[{"start":{"line":15,"column":6},"end":{"line":15,"column":18}},{"start":{"line":15,"column":22},"end":{"line":15,"column":34}}],"line":15}},"s":{"0":2,"1":2,"2":15,"3":3,"4":12,"5":1,"6":11,"7":2,"8":9,"9":4,"10":5,"11":1,"12":4,"13":2,"14":6,"15":2},"f":{"0":15,"1":6},"b":{"0":[3,12],"1":[15,12],"2":[1,11],"3":[12,11],"4":[2,9],"5":[11,10],"6":[4,5],"7":[9,8],"8":[1,4],"9":[5,4]},"_coverageSchema":"1a1c01bbd47fc00a2c39e90264f33305004495a9","hash":"632abc42f1df5ec44ce6a220c43f9ac5cc86fe9a"}
}
