TN:
SF:app.js
FN:13,createApp
FN:21,(anonymous_1)
FN:26,(anonymous_2)
FN:35,(anonymous_3)
FNF:4
FNH:2
FNDA:4,createApp
FNDA:0,(anonymous_1)
FNDA:2,(anonymous_2)
FNDA:0,(anonymous_3)
DA:8,1
DA:9,1
DA:10,1
DA:11,1
DA:14,4
DA:15,4
DA:18,4
DA:21,4
DA:22,0
DA:23,0
DA:26,4
DA:27,2
DA:28,2
DA:29,1
DA:31,1
DA:32,1
DA:35,4
DA:36,0
DA:37,0
DA:40,4
DA:43,1
LF:21
LH:17
BRDA:13,0,0,0
BRDA:18,1,0,4
BRDA:18,1,1,0
BRDA:19,2,0,0
BRDA:19,2,1,0
BRDA:27,3,0,2
BRDA:27,3,1,0
BRDA:28,4,0,1
BRDA:28,4,1,1
BRDA:32,5,0,1
BRDA:32,5,1,0
BRDA:37,6,0,0
BRDA:37,6,1,0
BRF:13
BRH:5
end_of_record
TN:
SF:auth.js
FN:16,authenticate
FN:30,requireOperator
FNF:2
FNH:2
FNDA:4,authenticate
FNDA:3,requireOperator
DA:9,1
DA:11,1
DA:17,4
DA:18,4
DA:19,4
DA:20,1
DA:22,3
DA:23,3
DA:24,0
DA:26,3
DA:27,3
DA:31,3
DA:32,1
DA:34,2
DA:37,1
LF:15
LH:14
BRDA:17,0,0,4
BRDA:17,0,1,1
BRDA:19,1,0,1
BRDA:19,1,1,3
BRDA:23,2,0,0
BRDA:23,2,1,3
BRDA:31,3,0,1
BRDA:31,3,1,2
BRDA:31,4,0,3
BRDA:31,4,1,3
BRF:10
BRH:9
end_of_record
TN:
SF:robotClient.js
FN:27,(anonymous_0)
FN:47,(anonymous_1)
FN:68,(anonymous_2)
FN:92,(anonymous_3)
FN:124,(anonymous_4)
FN:147,(anonymous_5)
FNF:6
FNH:0
FNDA:0,(anonymous_0)
FNDA:0,(anonymous_1)
FNDA:0,(anonymous_2)
FNDA:0,(anonymous_3)
FNDA:0,(anonymous_4)
FNDA:0,(anonymous_5)
DA:18,1
DA:28,0
DA:29,0
DA:33,0
DA:34,0
DA:48,0
DA:49,0
DA:51,0
DA:69,0
DA:70,0
DA:73,0
DA:75,0
DA:93,0
DA:94,0
DA:95,0
DA:97,0
DA:98,0
DA:103,0
DA:109,0
DA:110,0
DA:125,0
DA:126,0
DA:129,0
DA:131,0
DA:148,0
DA:149,0
DA:152,0
DA:154,0
DA:160,1
DA:163,1
LF:30
LH:3
BRDA:27,0,0,0
BRDA:28,1,0,0
BRDA:28,1,1,0
BRDA:47,2,0,0
BRDA:48,3,0,0
BRDA:48,3,1,0
BRDA:94,4,0,0
BRDA:94,4,1,0
BRDA:109,5,0,0
BRDA:109,5,1,0
BRF:10
BRH:0
end_of_record
TN:
SF:validation.js
FN:10,isValidTarget
FN:24,canCommandRobot
FNF:2
FNH:2
FNDA:15,isValidTarget
FNDA:6,canCommandRobot
DA:7,2
DA:8,2
DA:11,15
DA:12,12
DA:13,11
DA:14,9
DA:15,5
DA:16,4
DA:19,2
DA:25,6
DA:28,2
LF:11
LH:11
BRDA:11,0,0,3
BRDA:11,0,1,12
BRDA:11,1,0,15
BRDA:11,1,1,12
BRDA:12,2,0,1
BRDA:12,2,1,11
BRDA:12,3,0,12
BRDA:12,3,1,11
BRDA:13,4,0,2
BRDA:13,4,1,9
BRDA:13,5,0,11
BRDA:13,5,1,10
BRDA:14,6,0,4
BRDA:14,6,1,5
BRDA:14,7,0,9
BRDA:14,7,1,8
BRDA:15,8,0,1
BRDA:15,8,1,4
BRDA:15,9,0,5
BRDA:15,9,1,4
BRF:20
BRH:20
end_of_record
